2025-10-19 15:33:45.521 main                               DatabaseClient  WARN   Failed to set client timeout
kotlin.UninitializedPropertyAccessException: lateinit property client has not been initialized
	at net.cakeyfox.foxy.database.core.DatabaseClient.getClient(DatabaseClient.kt:24)
	at net.cakeyfox.foxy.database.core.DatabaseClient.setTimeout(DatabaseClient.kt:136)
	at net.cakeyfox.foxpayments.FoxPaymentsInstance.<init>(FoxPaymentsInstance.kt:57)
	at net.cakeyfox.foxpayments.FoxPaymentsLauncher.main(FoxPaymentsLauncher.kt:21)
2025-10-19 15:33:45.547 main                               DatabaseClient  INFO   Connecting to MongoDB at mongodb://localhost:27017
2025-10-19 15:34:10.064 main                               DatabaseClient  WARN   Failed to set client timeout
kotlin.UninitializedPropertyAccessException: lateinit property client has not been initialized
	at net.cakeyfox.foxy.database.core.DatabaseClient.getClient(DatabaseClient.kt:24)
	at net.cakeyfox.foxy.database.core.DatabaseClient.setTimeout(DatabaseClient.kt:136)
	at net.cakeyfox.foxpayments.FoxPaymentsInstance.<init>(FoxPaymentsInstance.kt:57)
	at net.cakeyfox.foxpayments.FoxPaymentsLauncher.main(FoxPaymentsLauncher.kt:21)
2025-10-19 15:34:10.073 main                               DatabaseClient  INFO   Connecting to MongoDB at suika:27017
2025-10-19 15:34:10.483 main                               client          INFO   MongoClient with metadata {"driver": {"name": "mongo-java-driver|reactive-streams|kotlin", "version": "5.3.0"}, "os": {"type": "Windows", "name": "Windows 11", "architecture": "amd64", "version": "10.0"}, "platform": "Java/Eclipse Adoptium/21.0.8+9-LTS|kotlin/2.2.20"} created with settings MongoClientSettings{readPreference=primary, writeConcern=WriteConcern{w=null, wTimeout=null ms, journal=null}, retryWrites=true, retryReads=true, readConcern=ReadConcern{level=null}, credential=MongoCredential{mechanism=null, userName='flandre-scarlet', source='FoxyDatabase', password=<hidden>, mechanismProperties=<hidden>}, transportSettings=null, commandListeners=[], codecRegistry=ProvidersCodecRegistry{codecProviders=[ValueCodecProvider{}, BsonValueCodecProvider{}, DBRefCodecProvider{}, DBObjectCodecProvider{}, DocumentCodecProvider{}, CollectionCodecProvider{}, IterableCodecProvider{}, MapCodecProvider{}, GeoJsonCodecProvider{}, GridFSFileCodecProvider{}, Jsr310CodecProvider{}, JsonObjectCodecProvider{}, BsonCodecProvider{}, EnumCodecProvider{}, com.mongodb.client.model.mql.ExpressionCodecProvider@2bef09c0, com.mongodb.Jep395RecordCodecProvider@62ce72ff, com.mongodb.KotlinCodecProvider@58a63629]}, loggerSettings=LoggerSettings{maxDocumentLength=1000}, clusterSettings={hosts=[suika:27017], srvServiceName=mongodb, mode=SINGLE, requiredClusterType=UNKNOWN, requiredReplicaSetName='null', serverSelector='null', clusterListeners='[]', serverSelectionTimeout='30000 ms', localThreshold='15 ms'}, socketSettings=SocketSettings{connectTimeoutMS=10000, readTimeoutMS=0, receiveBufferSize=0, proxySettings=ProxySettings{host=null, port=null, username=null, password=null}}, heartbeatSocketSettings=SocketSettings{connectTimeoutMS=10000, readTimeoutMS=10000, receiveBufferSize=0, proxySettings=ProxySettings{host=null, port=null, username=null, password=null}}, connectionPoolSettings=ConnectionPoolSettings{maxSize=100, minSize=0, maxWaitTimeMS=120000, maxConnectionLifeTimeMS=0, maxConnectionIdleTimeMS=0, maintenanceInitialDelayMS=0, maintenanceFrequencyMS=60000, connectionPoolListeners=[], maxConnecting=2}, serverSettings=ServerSettings{heartbeatFrequencyMS=10000, minHeartbeatFrequencyMS=500, serverMonitoringMode=AUTO, serverListeners='[]', serverMonitorListeners='[]'}, sslSettings=SslSettings{enabled=false, invalidHostNameAllowed=false, context=null}, applicationName='null', compressorList=[], uuidRepresentation=UNSPECIFIED, serverApi=null, autoEncryptionSettings=null, dnsClient=null, inetAddressResolver=null, contextProvider=null, timeoutMS=null}
2025-10-19 15:34:10.504 main                               DatabaseClient  INFO   Connected to MongoDB database 'FoxyDatabase' successfully.
2025-10-19 15:34:10.507 main                               Application     INFO   Autoreload is disabled because the development mode is off.
2025-10-19 15:34:10.807 main                               Application     INFO   Application started in 1.543 seconds.
2025-10-19 15:34:10.928 cluster-ClusterId{value='68f52f221 cluster         INFO   Monitor thread successfully connected to server with description ServerDescription{address=suika:27017, type=STANDALONE, cryptd=false, state=CONNECTED, ok=true, minWireVersion=0, maxWireVersion=27, maxDocumentSize=16777216, logicalSessionTimeoutMinutes=30, roundTripTimeNanos=196327800, minRoundTripTimeNanos=0}
2025-10-19 15:34:11.240 DefaultDispatcher-worker-1         Application     INFO   Responding at http://127.0.0.1:8080
